<?xml version="1.0" encoding="UTF-8"?>
<!-- Generated by org.testng.reporters.JUnitReportReporter -->
<testsuite hostname="LAPTOP-SBNR6JJB" failures="0" tests="1" name="com.mymaven1.TestNGDemo" time="6.518" errors="0" timestamp="2023-12-30T01:11:52 IST" skipped="0">
  <testcase classname="com.mymaven1.TestNGDemo" name="verifyPageTitle" time="6.518"/>
  <system-out/>
</testsuite> <!-- com.mymaven1.TestNGDemo -->
