<?xml version="1.0" encoding="UTF-8"?>
<!-- Generated by org.testng.reporters.JUnitReportReporter -->
<testsuite hostname="LAPTOP-SBNR6JJB" failures="0" tests="1" name="com.mymaven1.Google" time="4.672" errors="0" timestamp="2024-01-05T22:05:20 IST" skipped="0">
  <testcase classname="com.mymaven1.Google" name="googlesearch" time="4.672"/>
  <system-out/>
</testsuite> <!-- com.mymaven1.Google -->
